PLINK v1.9.0-b.7.11 64-bit (19 Aug 2025)
Options in effect:
  --bfile example/input/study1/geno
  --out example/input/study1_vcf/geno
  --recode vcf bgz

Hostname: Peters-MacBook-Pro-3.local
Working directory: /Users/peterli/Desktop/PALM-mGWAS
Start time: Tue Mar 17 13:49:45 2026

Random number seed: 1773773385
16384 MB RAM detected; reserving 8192 MB for main workspace.
1000 variants loaded from .bim file.
100 people (0 males, 0 females, 100 ambiguous) loaded from .fam.
Ambiguous sex IDs written to example/input/study1_vcf/geno.nosex .
Using up to 9 threads (change this with --threads).
Before main variant filters, 100 founders and 0 nonfounders present.
Calculating allele frequencies... done.
Total genotyping rate is exactly 1.
1000 variants and 100 people pass filters and QC.
Note: No phenotypes present.
Warning: Underscore(s) present in sample IDs.
--recode vcf bgz to example/input/study1_vcf/geno.vcf.gz ... done.

End time: Tue Mar 17 13:49:45 2026
